<?xml version="1.0" encoding="UTF-8"?>
<!-- Generated by org.testng.reporters.JUnitReportReporter -->
<testsuite hostname="DESKTOP-HUKO07D" failures="0" tests="1" name="com.qa.mercuryTravels.test.ContactspageTest" time="41.130" errors="0" timestamp="2020-08-05T23:42:18 PDT" skipped="0">
  <testcase classname="com.qa.mercuryTravels.test.ContactspageTest" name="searchContact" time="41.130"/>
  <system-out/>
</testsuite> <!-- com.qa.mercuryTravels.test.ContactspageTest -->
