<?xml version="1.0" encoding="UTF-8"?>
<!-- Generated by org.testng.reporters.JUnitReportReporter -->
<testsuite hostname="DESKTOP-HUKO07D" failures="0" tests="1" name="com.qa.mercuryTravels.test.DealsTest" time="40.545" errors="0" timestamp="2020-08-06T00:45:33 PDT" skipped="0">
  <testcase classname="com.qa.mercuryTravels.test.DealsTest" name="newDealsButtonClick" time="40.545"/>
  <system-out/>
</testsuite> <!-- com.qa.mercuryTravels.test.DealsTest -->
