<?xml version="1.0" encoding="UTF-8"?>
<!-- Generated by org.testng.reporters.JUnitReportReporter -->
<testsuite hostname="DESKTOP-HUKO07D" failures="0" tests="2" name="com.qa.mercuryTravels.test.LoginPageTest" time="48.978" errors="0" timestamp="2020-07-29T23:55:17 PDT" skipped="0">
  <testcase classname="com.qa.mercuryTravels.test.LoginPageTest" name="VerifyPageTitleTest" time="28.734"/>
  <system-out/>
  <testcase classname="com.qa.mercuryTravels.test.LoginPageTest" name="ValidLoginTest" time="20.244"/>
  <system-out/>
</testsuite> <!-- com.qa.mercuryTravels.test.LoginPageTest -->
