<?xml version="1.0" encoding="UTF-8"?>
<!-- Generated by org.testng.reporters.JUnitReportReporter -->
<testsuite hostname="DESKTOP-HUKO07D" failures="0" tests="1" name="com.crm.mercuryTravels.pages.NewContactTest" time="62.499" errors="0" timestamp="2020-08-05T22:58:31 PDT" skipped="0">
  <testcase classname="com.crm.mercuryTravels.pages.NewContactTest" name="createNewContact" time="62.499"/>
  <system-out/>
</testsuite> <!-- com.crm.mercuryTravels.pages.NewContactTest -->
