<?xml version="1.0" encoding="UTF-8"?>
<!-- Generated by org.testng.reporters.JUnitReportReporter -->
<testsuite hostname="DESKTOP-HUKO07D" failures="0" tests="6" name="com.qa.mercuryTravels.test.HomePageTest" time="135.546" errors="0" timestamp="2020-07-30T00:16:37 PDT" skipped="0">
  <testcase classname="com.qa.mercuryTravels.test.HomePageTest" name="verifyHomePageTitle" time="25.229"/>
  <system-out/>
  <testcase classname="com.qa.mercuryTravels.test.HomePageTest" name="clickOnContacts" time="19.623"/>
  <system-out/>
  <testcase classname="com.qa.mercuryTravels.test.HomePageTest" name="verifyHomePageUsername" time="20.238"/>
  <system-out/>
  <testcase classname="com.qa.mercuryTravels.test.HomePageTest" name="clickOnDeals" time="21.119"/>
  <system-out/>
  <testcase classname="com.qa.mercuryTravels.test.HomePageTest" name="clickOnTasks" time="21.276"/>
  <system-out/>
  <testcase classname="com.qa.mercuryTravels.test.HomePageTest" name="clickOnEmail" time="28.061"/>
  <system-out/>
</testsuite> <!-- com.qa.mercuryTravels.test.HomePageTest -->
