<?xml version="1.0" encoding="UTF-8"?>
<!-- Generated by org.testng.reporters.JUnitReportReporter -->
<testsuite hostname="DESKTOP-HUKO07D" failures="0" tests="1" name="com.qa.mercuryTravels.test.NewContactTest" time="65.534" errors="0" timestamp="2020-08-06T00:21:30 PDT" skipped="0">
  <testcase classname="com.qa.mercuryTravels.test.NewContactTest" name="createNewContact" time="65.534"/>
  <system-out/>
</testsuite> <!-- com.qa.mercuryTravels.test.NewContactTest -->
